Línea 176: la clase MSAdodcLib.Adodc del control Adodc1 no era una clase de control cargada.
Línea 182: el nombre de la propiedad _ExtentX de Adodc1 no es válido.
Línea 183: el nombre de la propiedad _ExtentY de Adodc1 no es válido.
Línea 184: el nombre de la propiedad ConnectMode de Adodc1 no es válido.
Línea 185: el nombre de la propiedad CursorLocation de Adodc1 no es válido.
Línea 186: el nombre de la propiedad IsolationLevel de Adodc1 no es válido.
Línea 187: el nombre de la propiedad ConnectionTimeout de Adodc1 no es válido.
Línea 188: el nombre de la propiedad CommandTimeout de Adodc1 no es válido.
Línea 189: el nombre de la propiedad CursorType de Adodc1 no es válido.
Línea 190: el nombre de la propiedad LockType de Adodc1 no es válido.
Línea 191: el nombre de la propiedad CommandType de Adodc1 no es válido.
Línea 192: el nombre de la propiedad CursorOptions de Adodc1 no es válido.
Línea 193: el nombre de la propiedad CacheSize de Adodc1 no es válido.
Línea 194: el nombre de la propiedad MaxRecords de Adodc1 no es válido.
Línea 195: el nombre de la propiedad BOFAction de Adodc1 no es válido.
Línea 196: el nombre de la propiedad EOFAction de Adodc1 no es válido.
Línea 197: el nombre de la propiedad ConnectStringType de Adodc1 no es válido.
Línea 201: el nombre de la propiedad Orientation de Adodc1 no es válido.
Línea 203: el nombre de la propiedad Connect de Adodc1 no es válido.
Línea 204: el nombre de la propiedad OLEDBString de Adodc1 no es válido.
Línea 205: el nombre de la propiedad OLEDBFile de Adodc1 no es válido.
Línea 206: el nombre de la propiedad DataSourceName de Adodc1 no es válido.
Línea 207: el nombre de la propiedad OtherAttributes de Adodc1 no es válido.
Línea 208: el nombre de la propiedad UserName de Adodc1 no es válido.
Línea 209: el nombre de la propiedad Password de Adodc1 no es válido.
Línea 210: el nombre de la propiedad RecordSource de Adodc1 no es válido.
Línea 211: el nombre de la propiedad Caption de Adodc1 no es válido.
Línea 221: el nombre de la propiedad _Version de Adodc1 no es válido.
Línea 182: el nombre de la propiedad _ExtentX de Adodc1 no es válido.
Línea 183: el nombre de la propiedad _ExtentY de Adodc1 no es válido.
Línea 184: el nombre de la propiedad ConnectMode de Adodc1 no es válido.
Línea 185: el nombre de la propiedad CursorLocation de Adodc1 no es válido.
Línea 186: el nombre de la propiedad IsolationLevel de Adodc1 no es válido.
Línea 187: el nombre de la propiedad ConnectionTimeout de Adodc1 no es válido.
Línea 188: el nombre de la propiedad CommandTimeout de Adodc1 no es válido.
Línea 189: el nombre de la propiedad CursorType de Adodc1 no es válido.
Línea 190: el nombre de la propiedad LockType de Adodc1 no es válido.
Línea 191: el nombre de la propiedad CommandType de Adodc1 no es válido.
Línea 192: el nombre de la propiedad CursorOptions de Adodc1 no es válido.
Línea 193: el nombre de la propiedad CacheSize de Adodc1 no es válido.
Línea 194: el nombre de la propiedad MaxRecords de Adodc1 no es válido.
Línea 195: el nombre de la propiedad BOFAction de Adodc1 no es válido.
Línea 196: el nombre de la propiedad EOFAction de Adodc1 no es válido.
Línea 197: el nombre de la propiedad ConnectStringType de Adodc1 no es válido.
Línea 201: el nombre de la propiedad Orientation de Adodc1 no es válido.
Línea 203: el nombre de la propiedad Connect de Adodc1 no es válido.
Línea 204: el nombre de la propiedad OLEDBString de Adodc1 no es válido.
Línea 205: el nombre de la propiedad OLEDBFile de Adodc1 no es válido.
Línea 206: el nombre de la propiedad DataSourceName de Adodc1 no es válido.
Línea 207: el nombre de la propiedad OtherAttributes de Adodc1 no es válido.
Línea 208: el nombre de la propiedad UserName de Adodc1 no es válido.
Línea 209: el nombre de la propiedad Password de Adodc1 no es válido.
Línea 210: el nombre de la propiedad RecordSource de Adodc1 no es válido.
Línea 211: el nombre de la propiedad Caption de Adodc1 no es válido.
Línea 221: el nombre de la propiedad _Version de Adodc1 no es válido.
